2024-07-31 19:06:08,616 File uploaded: vehicles.php
2024-07-31 19:06:10,922 File uploaded: vehicles.php
2024-07-31 19:06:10,935 File deleted by user: vehicles.php
2024-07-31 19:06:12,919 File uploaded: vehicles.php
2024-07-31 19:06:15,135 File uploaded: vehicles.php
2024-07-31 19:06:15,142 File deleted by user: vehicles.php
2024-07-31 19:06:15,754 File uploaded: vehicles.php
2024-07-31 19:06:15,759 File deleted by user: vehicles.php
2024-07-31 19:06:15,959 File uploaded: vehicles.php
2024-07-31 19:06:15,964 File deleted by user: vehicles.php
2024-07-31 19:06:16,136 File uploaded: vehicles.php
2024-07-31 19:06:16,141 File deleted by user: vehicles.php
2024-07-31 19:06:16,343 File uploaded: vehicles.php
2024-07-31 19:06:16,349 File deleted by user: vehicles.php
2024-07-31 19:06:16,502 File uploaded: vehicles.php
2024-07-31 19:06:16,507 File deleted by user: vehicles.php
2024-07-31 19:08:50,888 File uploaded: Lakshay_A_20240731190850_vehicles.php by Lakshay for A
2024-07-31 19:11:49,107 File uploaded: Lakshay_20240731191149_vehicles.php by Lakshay
2024-07-31 19:12:03,023 File downloaded: Lakshay_20240731191149_vehicles.php by IP: Unknown
2024-07-31 19:13:19,807 File uploaded: Lakshay_20240731191319_Lakshay_20240731191149_vehicles.php by Lakshay
2024-07-31 19:13:32,706 File downloaded: Lakshay_20240731191149_vehicles.php by IP: Unknown
2024-07-31 19:19:13,087 File uploaded: Lakshay_20240731191913_skins.php by Lakshay
2024-07-31 19:20:57,962 File uploaded: Lakshay_20240731192057_skins.php by Lakshay
